Arguments: 
  /Users/stuarturback/.nvm/versions/node/v16.14.0/bin/node /Users/stuarturback/.nvm/versions/node/v16.14.0/bin/yarn config set workspaces-experimental true

PATH: 
  /Users/stuarturback/.nvm/versions/node/v16.14.0/bin:/opt/homebrew/bin:/opt/homebrew/sbin:/usr/local/bin:/usr/bin:/bin:/usr/sbin:/sbin

Yarn version: 
  1.22.17

Node version: 
  16.14.0

Platform: 
  darwin arm64

Trace: 
  SyntaxError: /Users/stuarturback/Workspace/cipher/package.json: Unexpected end of JSON input
      at JSON.parse (<anonymous>)
      at /Users/stuarturback/.nvm/versions/node/v16.14.0/lib/node_modules/yarn/lib/cli.js:1625:59
      at Generator.next (<anonymous>)
      at step (/Users/stuarturback/.nvm/versions/node/v16.14.0/lib/node_modules/yarn/lib/cli.js:310:30)
      at /Users/stuarturback/.nvm/versions/node/v16.14.0/lib/node_modules/yarn/lib/cli.js:321:13

npm manifest: 
  {
    "name": "player",
    "version": "1.0.0",
    "description": "Serverless aws-nodejs-typescript template",
    "main": "serverless.ts",
    "scripts": {
      "test": "echo \"Error: no test specified\" && exit 1"
    },
    "engines": {
      "node": ">=14.15.0"
    },
    "dependencies": {
      "@middy/core": "^3.4.0",
      "@middy/http-json-body-parser": "^3.4.0"
    },
    "devDependencies": {
      "@serverless/typescript": "^3.0.0",
      "@types/aws-lambda": "^8.10.71",
      "@types/node": "^14.14.25",
      "esbuild": "^0.14.11",
      "json-schema-to-ts": "^1.5.0",
      "serverless": "^3.0.0",
      "serverless-esbuild": "^1.23.3",
      "ts-node": "^10.4.0",
      "tsconfig-paths": "^3.9.0",
      "typescript": "^4.1.3"
    },
    "author": "The serverless webpack authors (https://github.com/elastic-coders/serverless-webpack)",
    "license": "MIT"
  }

yarn manifest: 
  No manifest

Lockfile: 
  No lockfile
